#
# There is insufficient memory for the Java Runtime Environment to continue.
# Native memory allocation (malloc) failed to allocate 1048576 bytes for AllocateHeap
# Possible reasons:
#   The system is out of physical RAM or swap space
#   The process is running with CompressedOops enabled, and the Java Heap may be blocking the growth of the native heap
# Possible solutions:
#   Reduce memory load on the system
#   Increase physical memory or swap space
#   Check if swap backing store is full
#   Decrease Java heap size (-Xmx/-Xms)
#   Decrease number of Java threads
#   Decrease Java thread stack sizes (-Xss)
#   Set larger code cache with -XX:ReservedCodeCacheSize=
#   JVM is running with Zero Based Compressed Oops mode in which the Java heap is
#     placed in the first 32GB address space. The Java Heap base address is the
#     maximum limit for the native heap growth. Please use -XX:HeapBaseMinAddress
#     to set the Java Heap base and to place the Java Heap above 32GB virtual address.
# This output file may be truncated or incomplete.
#
#  Out of Memory Error (memory/allocation.inline.hpp:61), pid=20140, tid=0x0000000000004bdc
#
# JRE version:  (8.0_201-b09) (build )
# Java VM: Java HotSpot(TM) 64-Bit Server VM (25.201-b09 mixed mode windows-amd64 compressed oops)
# Failed to write core dump. Minidumps are not enabled by default on client versions of Windows
#

---------------  T H R E A D  ---------------

Current thread (0x0000000003373000):  JavaThread "Unknown thread" [_thread_in_vm, id=19420, stack(0x0000000003170000,0x0000000003270000)]

Stack: [0x0000000003170000,0x0000000003270000]
[error occurred during error reporting (printing stack bounds), id 0xc0000005]

Native frames: (J=compiled Java code, j=interpreted, Vv=VM code, C=native code)


---------------  P R O C E S S  ---------------

Java Threads: ( => current thread )

Other Threads:

=>0x0000000003373000 (exited) JavaThread "Unknown thread" [_thread_in_vm, id=19420, stack(0x0000000003170000,0x0000000003270000)]

VM state:not at safepoint (normal execution)

VM Mutex/Monitor currently owned by a thread: None

heap address: 0x00000006c1000000, size: 4080 MB, Compressed Oops mode: Zero based, Oop shift amount: 3
Narrow klass base: 0x0000000000000000, Narrow klass shift: 3
Compressed class space size: 1073741824 Address: 0x00000007c0000000

Heap:
 PSYoungGen      total 76288K, used 1310K [0x000000076b000000, 0x0000000770500000, 0x00000007c0000000)
  eden space 65536K, 2% used [0x000000076b000000,0x000000076b147af0,0x000000076f000000)
  from space 10752K, 0% used [0x000000076fa80000,0x000000076fa80000,0x0000000770500000)
  to   space 10752K, 0% used [0x000000076f000000,0x000000076f000000,0x000000076fa80000)
 ParOldGen       total 175104K, used 0K [0x00000006c1000000, 0x00000006cbb00000, 0x000000076b000000)
  object space 175104K, 0% used [0x00000006c1000000,0x00000006c1000000,0x00000006cbb00000)
 Metaspace       used 775K, capacity 4480K, committed 4480K, reserved 1056768K
  class space    used 76K, capacity 384K, committed 384K, reserved 1048576K

Card table byte_map: [0x0000000012830000,0x0000000013030000] byte_map_base: 0x000000000f228000

Marking Bits: (ParMarkBitMap*) 0x00000000647e4ce0
 Begin Bits: [0x0000000013980000, 0x0000000017940000)
 End Bits:   [0x0000000017940000, 0x000000001b900000)

Polling page: 0x00000000012c0000

CodeCache: size=245760Kb used=328Kb max_used=328Kb free=245431Kb
 bounds [0x0000000003470000, 0x00000000036e0000, 0x0000000012470000]
 total_blobs=58 nmethods=0 adapters=38
 compilation: enabled

Compilation events (0 events):
No events

GC Heap History (0 events):
No events

Deoptimization events (0 events):
No events

Classes redefined (0 events):
No events

Internal exceptions (0 events):
No events

Events (10 events):
Event: 0.034 loading class java/lang/Short
Event: 0.034 loading class java/lang/Short done
Event: 0.034 loading class java/lang/Integer
Event: 0.034 loading class java/lang/Integer done
Event: 0.034 loading class java/lang/Long
Event: 0.034 loading class java/lang/Long done
Event: 0.035 loading class java/lang/NullPointerException
Event: 0.035 loading class java/lang/NullPointerException done
Event: 0.035 loading class java/lang/ArithmeticException
Event: 0.035 loading class java/lang/ArithmeticException done


Dynamic libraries:
0x00007ff6cb3a0000 - 0x00007ff6cb3d7000 	C:\Program Files\Java\jdk1.8.0_201\bin\java.exe
0x00007ff8dcae0000 - 0x00007ff8dccc1000 	C:\WINDOWS\SYSTEM32\ntdll.dll
0x00007ff8db500000 - 0x00007ff8db5b2000 	C:\WINDOWS\System32\KERNEL32.DLL
0x00007ff8d9920000 - 0x00007ff8d9b93000 	C:\WINDOWS\System32\KERNELBASE.dll
0x00007ff8dc200000 - 0x00007ff8dc2a1000 	C:\WINDOWS\System32\ADVAPI32.dll
0x00007ff8db990000 - 0x00007ff8dba2e000 	C:\WINDOWS\System32\msvcrt.dll
0x00007ff8db700000 - 0x00007ff8db75b000 	C:\WINDOWS\System32\sechost.dll
0x00007ff8db860000 - 0x00007ff8db984000 	C:\WINDOWS\System32\RPCRT4.dll
0x00007ff8dc7a0000 - 0x00007ff8dc930000 	C:\WINDOWS\System32\USER32.dll
0x00007ff8d8eb0000 - 0x00007ff8d8ed0000 	C:\WINDOWS\System32\win32u.dll
0x00007ff8db7d0000 - 0x00007ff8db7f8000 	C:\WINDOWS\System32\GDI32.dll
0x00007ff8d8fd0000 - 0x00007ff8d9162000 	C:\WINDOWS\System32\gdi32full.dll
0x00007ff8d9880000 - 0x00007ff8d991f000 	C:\WINDOWS\System32\msvcp_win.dll
0x00007ff8d8ed0000 - 0x00007ff8d8fca000 	C:\WINDOWS\System32\ucrtbase.dll
0x00007ff8ce6e0000 - 0x00007ff8ce949000 	C:\WINDOWS\WinSxS\amd64_microsoft.windows.common-controls_6595b64144ccf1df_6.0.17134.523_none_fb409dd930672a56\COMCTL32.dll
0x00007ff8dc470000 - 0x00007ff8dc792000 	C:\WINDOWS\System32\combase.dll
0x00007ff8d9ba0000 - 0x00007ff8d9c1a000 	C:\WINDOWS\System32\bcryptPrimitives.dll
0x00007ff8db5c0000 - 0x00007ff8db5ed000 	C:\WINDOWS\System32\IMM32.DLL
0x0000000064870000 - 0x0000000064941000 	C:\Program Files\Java\jdk1.8.0_201\jre\bin\msvcr100.dll
0x0000000063fc0000 - 0x0000000064864000 	C:\Program Files\Java\jdk1.8.0_201\jre\bin\server\jvm.dll
0x00007ff8dcaa0000 - 0x00007ff8dcaa8000 	C:\WINDOWS\System32\PSAPI.DLL
0x00007ff8bcb90000 - 0x00007ff8bcb99000 	C:\WINDOWS\SYSTEM32\WSOCK32.dll
0x00007ff8d3090000 - 0x00007ff8d30b3000 	C:\WINDOWS\SYSTEM32\WINMM.dll
0x00007ff8db760000 - 0x00007ff8db7cc000 	C:\WINDOWS\System32\WS2_32.dll
0x00007ff8d44e0000 - 0x00007ff8d44ea000 	C:\WINDOWS\SYSTEM32\VERSION.dll
0x00007ff8d3060000 - 0x00007ff8d308a000 	C:\WINDOWS\SYSTEM32\WINMMBASE.dll
0x00007ff8d9c20000 - 0x00007ff8d9c69000 	C:\WINDOWS\System32\cfgmgr32.dll
0x00007ff8cde70000 - 0x00007ff8cde7f000 	C:\Program Files\Java\jdk1.8.0_201\jre\bin\verify.dll
0x00007ff8c1fd0000 - 0x00007ff8c1ff9000 	C:\Program Files\Java\jdk1.8.0_201\jre\bin\java.dll
0x00007ff8bc150000 - 0x00007ff8bc173000 	C:\Program Files\Java\jdk1.8.0_201\jre\bin\instrument.dll
0x00007ff8c8ad0000 - 0x00007ff8c8ae6000 	C:\Program Files\Java\jdk1.8.0_201\jre\bin\zip.dll

VM Arguments:
jvm_args: -Dmaven.multiModuleProjectDirectory=D:\GameDev\SlayTheSpireMods\CatGirlMod -Dmaven.home=D:\Programs\JetBrains\IntelliJ IDEA Community Edition 2018.3.3\plugins\maven\lib\maven3 -Dclassworlds.conf=D:\Programs\JetBrains\IntelliJ IDEA Community Edition 2018.3.3\plugins\maven\lib\maven3\bin\m2.conf -javaagent:D:\Programs\JetBrains\IntelliJ IDEA Community Edition 2018.3.3\lib\idea_rt.jar=51155:D:\Programs\JetBrains\IntelliJ IDEA Community Edition 2018.3.3\bin -Dfile.encoding=UTF-8 
java_command: org.codehaus.classworlds.Launcher -Didea.version=2018.3.3 clean package
java_class_path (initial): D:\Programs\JetBrains\IntelliJ IDEA Community Edition 2018.3.3\plugins\maven\lib\maven3\boot\plexus-classworlds-2.5.2.jar;D:\Programs\JetBrains\IntelliJ IDEA Community Edition 2018.3.3\lib\idea_rt.jar
Launcher Type: SUN_STANDARD

Environment Variables:
JAVA_HOME=C:\Program Files\Java\jdk1.8.0_201
PATH=C:\Program Files (x86)\Common Files\Oracle\Java\javapath;C:\ProgramData\Oracle\Java\javapath;C:\Python27\;C:\Python27\Scripts;C:\Windows\system32;C:\Windows;C:\Windows\System32\Wbem;C:\Windows\System32\WindowsPowerShell\v1.0\;C:\Program Files (x86)\NVIDIA Corporation\PhysX\Common;C:\Program Files\Microsoft SQL Server\110\Tools\Binn\;C:\Program Files (x86)\Microsoft SDKs\TypeScript\1.0\;C:\Program Files\Microsoft SQL Server\120\Tools\Binn\;C:\Program Files (x86)\Windows Kits\8.1\Windows Performance Toolkit\;D:\xampp\php;C:\ProgramData\ComposerSetup\bin;C:\Users\Saishy\AppData\Roaming\Composer\vendor\bin;C:\Program Files (x86)\GtkSharp\2.12\bin;D:\Programs\Windows Kits\10\Windows Performance Toolkit\;C:\WINDOWS\system32\config\systemprofile\.dnx\bin;C:\Program Files\Microsoft DNX\Dnvm\;C:\Program Files\Microsoft SQL Server\130\Tools\Binn\;D:\Programs\CMake\bin;D:\Programs\NinjaBuild;C:\WINDOWS\system32;C:\WINDOWS;C:\WINDOWS\System32\Wbem;C:\WINDOWS\System32\WindowsPowerShell\v1.0\;C:\Program Files\OpenVPN\bin;D:\Programs\Docfx\;D:\Programs\wkhtmltopdf\bin;C:\Program Files\nodejs\;C:\WINDOWS\System32\OpenSSH\;D:\Programs\TortoiseGit\bin;D:\Programs\Git\cmd;C:\Program Files\Java\apache-maven-3.6.0\bin;C:\Users\Saishy\.dnx\bin;C:\platform-tools;C:\Users\Saishy\AppData\Local\Microsoft\WindowsApps;C:\Program Files (x86)\Microsoft VS Code\bin;C:\Users\Saishy\AppData\Roaming\npm;
USERNAME=Saishy
OS=Windows_NT
PROCESSOR_IDENTIFIER=Intel64 Family 6 Model 60 Stepping 3, GenuineIntel



---------------  S Y S T E M  ---------------

OS: Windows 10.0 , 64 bit Build 17134 (10.0.17134.1)

CPU:total 4 (initial active 4) (4 cores per cpu, 1 threads per core) family 6 model 60 stepping 3, cmov, cx8, fxsr, mmx, sse, sse2, sse3, ssse3, sse4.1, sse4.2, popcnt, avx, avx2, aes, clmul, erms, lzcnt, tsc, tscinvbit, bmi1, bmi2

Memory: 4k page, physical 16703492k(5278604k free), swap 20799492k(5808k free)

vm_info: Java HotSpot(TM) 64-Bit Server VM (25.201-b09) for windows-amd64 JRE (1.8.0_201-b09), built on Dec 15 2018 18:36:39 by "java_re" with MS VC++ 10.0 (VS2010)

time: Fri Feb 01 16:27:57 2019
timezone: E. South America Daylight Time
elapsed time: 0 seconds (0d 0h 0m 0s)

